This file contains any messages produced by compilers while
running configure, to aid debugging if configure makes a mistake.

It was created by hidrd configure 0.2, which was
generated by GNU Autoconf 2.71.  Invocation command line was

  $ ./configure

## --------- ##
## Platform. ##
## --------- ##

hostname = HMArchLinux-PC
uname -m = x86_64
uname -r = 5.19.2-xanmod1-linux-xanmod-edge
uname -s = Linux
uname -v = #1 SMP Sat, 20 Aug 2022 05:05:23 +0000

/usr/bin/uname -p = unknown
/bin/uname -X     = unknown

/bin/arch              = unknown
/usr/bin/arch -k       = unknown
/usr/convex/getsysinfo = unknown
/usr/bin/hostinfo      = unknown
/bin/machine           = unknown
/usr/bin/oslevel       = unknown
/bin/universe          = unknown

PATH: /home/hmtheboy154/.vscode-server/bin/74b1f979648cc44d385a2286793c226e611f59e7/bin/remote-cli/
PATH: /usr/local/sbin/
PATH: /usr/local/bin/
PATH: /usr/bin/
PATH: /home/hmtheboy154/.dotnet/tools/
PATH: /usr/lib/jvm/default/bin/
PATH: /usr/bin/site_perl/
PATH: /usr/bin/vendor_perl/
PATH: /usr/bin/core_perl/
PATH: /usr/lib/jvm/default/bin/


## ----------- ##
## Core tests. ##
## ----------- ##

configure:2459: looking for aux files: config.guess config.sub ltmain.sh ar-lib compile missing install-sh
configure:2472:  trying ./auxdir/
configure:2501:   ./auxdir/config.guess found
configure:2501:   ./auxdir/config.sub found
configure:2501:   ./auxdir/ltmain.sh found
configure:2501:   ./auxdir/ar-lib found
configure:2501:   ./auxdir/compile found
configure:2501:   ./auxdir/missing found
configure:2483:   ./auxdir/install-sh found
configure:2631: checking for a BSD-compatible install
configure:2704: result: /usr/bin/install -c
configure:2715: checking whether build environment is sane
configure:2770: result: yes
configure:2929: checking for a race-free mkdir -p
configure:2973: result: /usr/bin/mkdir -p
configure:2980: checking for gawk
configure:3001: found /usr/bin/gawk
configure:3012: result: gawk
configure:3023: checking whether make sets $(MAKE)
configure:3046: result: yes
configure:3076: checking whether make supports nested variables
configure:3094: result: yes
configure:3246: checking whether make supports nested variables
configure:3264: result: yes
configure:3352: checking for gcc
configure:3373: found /usr/bin/gcc
configure:3384: result: gcc
configure:3737: checking for C compiler version
configure:3746: gcc --version >&5
gcc (GCC) 12.2.0
Copyright (C) 2022 Free Software Foundation, Inc.
This is free software; see the source for copying conditions.  There is NO
warranty; not even for MERCHANTABILITY or FITNESS FOR A PARTICULAR PURPOSE.

configure:3757: $? = 0
configure:3746: gcc -v >&5
Using built-in specs.
COLLECT_GCC=gcc
COLLECT_LTO_WRAPPER=/usr/lib/gcc/x86_64-pc-linux-gnu/12.2.0/lto-wrapper
Target: x86_64-pc-linux-gnu
Configured with: /build/gcc/src/gcc/configure --enable-languages=c,c++,ada,fortran,go,lto,objc,obj-c++,d --enable-bootstrap --prefix=/usr --libdir=/usr/lib --libexecdir=/usr/lib --mandir=/usr/share/man --infodir=/usr/share/info --with-bugurl=https://bugs.archlinux.org/ --with-build-config=bootstrap-lto --with-linker-hash-style=gnu --with-system-zlib --enable-__cxa_atexit --enable-cet=auto --enable-checking=release --enable-clocale=gnu --enable-default-pie --enable-default-ssp --enable-gnu-indirect-function --enable-gnu-unique-object --enable-libstdcxx-backtrace --enable-link-serialization=1 --enable-linker-build-id --enable-lto --enable-multilib --enable-plugin --enable-shared --enable-threads=posix --disable-libssp --disable-libstdcxx-pch --disable-werror
Thread model: posix
Supported LTO compression algorithms: zlib zstd
gcc version 12.2.0 (GCC) 
configure:3757: $? = 0
configure:3746: gcc -V >&5
gcc: error: unrecognized command-line option '-V'
gcc: fatal error: no input files
compilation terminated.
configure:3757: $? = 1
configure:3746: gcc -qversion >&5
gcc: error: unrecognized command-line option '-qversion'; did you mean '--version'?
gcc: fatal error: no input files
compilation terminated.
configure:3757: $? = 1
configure:3746: gcc -version >&5
gcc: error: unrecognized command-line option '-version'
gcc: fatal error: no input files
compilation terminated.
configure:3757: $? = 1
configure:3777: checking whether the C compiler works
configure:3799: gcc -Os -Wall -Wextra -Werror  -I/media/anotherwork/bliss14/external/hidrd -I/media/anotherwork/bliss14/external/hidrd/include -D_GNU_SOURCE -DNDEBUG   conftest.c  >&5
configure:3803: $? = 0
configure:3853: result: yes
configure:3856: checking for C compiler default output file name
configure:3858: result: a.out
configure:3864: checking for suffix of executables
configure:3871: gcc -o conftest -Os -Wall -Wextra -Werror  -I/media/anotherwork/bliss14/external/hidrd -I/media/anotherwork/bliss14/external/hidrd/include -D_GNU_SOURCE -DNDEBUG   conftest.c  >&5
configure:3875: $? = 0
configure:3898: result: 
configure:3920: checking whether we are cross compiling
configure:3928: gcc -o conftest -Os -Wall -Wextra -Werror  -I/media/anotherwork/bliss14/external/hidrd -I/media/anotherwork/bliss14/external/hidrd/include -D_GNU_SOURCE -DNDEBUG   conftest.c  >&5
configure:3932: $? = 0
configure:3939: ./conftest
configure:3943: $? = 0
configure:3958: result: no
configure:3963: checking for suffix of object files
configure:3986: gcc -c -Os -Wall -Wextra -Werror  -I/media/anotherwork/bliss14/external/hidrd -I/media/anotherwork/bliss14/external/hidrd/include -D_GNU_SOURCE -DNDEBUG  conftest.c >&5
configure:3990: $? = 0
configure:4012: result: o
configure:4016: checking whether the compiler supports GNU C
configure:4036: gcc -c -Os -Wall -Wextra -Werror  -I/media/anotherwork/bliss14/external/hidrd -I/media/anotherwork/bliss14/external/hidrd/include -D_GNU_SOURCE -DNDEBUG  conftest.c >&5
configure:4036: $? = 0
configure:4046: result: yes
configure:4057: checking whether gcc accepts -g
configure:4078: gcc -c -g -I/media/anotherwork/bliss14/external/hidrd -I/media/anotherwork/bliss14/external/hidrd/include -D_GNU_SOURCE -DNDEBUG  conftest.c >&5
configure:4078: $? = 0
configure:4122: result: yes
configure:4142: checking for gcc option to enable C11 features
configure:4157: gcc  -c -Os -Wall -Wextra -Werror  -I/media/anotherwork/bliss14/external/hidrd -I/media/anotherwork/bliss14/external/hidrd/include -D_GNU_SOURCE -DNDEBUG  conftest.c >&5
conftest.c:186:1: error: '_Noreturn' is not at beginning of declaration [-Werror=old-style-declaration]
  186 | int _Noreturn does_not_return (void) { for (;;) continue; }
      | ^~~
cc1: all warnings being treated as errors
configure:4157: $? = 1
configure: failed program was:
| /* confdefs.h */
| #define PACKAGE_NAME "hidrd"
| #define PACKAGE_TARNAME "hidrd"
| #define PACKAGE_VERSION "0.2"
| #define PACKAGE_STRING "hidrd 0.2"
| #define PACKAGE_BUGREPORT ""
| #define PACKAGE_URL ""
| #define PACKAGE "hidrd"
| #define VERSION "0.2"
| /* end confdefs.h.  */
| 
| /* Does the compiler advertise C89 conformance?
|    Do not test the value of __STDC__, because some compilers set it to 0
|    while being otherwise adequately conformant. */
| #if !defined __STDC__
| # error "Compiler does not advertise C89 conformance"
| #endif
| 
| #include <stddef.h>
| #include <stdarg.h>
| struct stat;
| /* Most of the following tests are stolen from RCS 5.7 src/conf.sh.  */
| struct buf { int x; };
| struct buf * (*rcsopen) (struct buf *, struct stat *, int);
| static char *e (p, i)
|      char **p;
|      int i;
| {
|   return p[i];
| }
| static char *f (char * (*g) (char **, int), char **p, ...)
| {
|   char *s;
|   va_list v;
|   va_start (v,p);
|   s = g (p, va_arg (v,int));
|   va_end (v);
|   return s;
| }
| 
| /* OSF 4.0 Compaq cc is some sort of almost-ANSI by default.  It has
|    function prototypes and stuff, but not \xHH hex character constants.
|    These do not provoke an error unfortunately, instead are silently treated
|    as an "x".  The following induces an error, until -std is added to get
|    proper ANSI mode.  Curiously \x00 != x always comes out true, for an
|    array size at least.  It is necessary to write \x00 == 0 to get something
|    that is true only with -std.  */
| int osf4_cc_array ['\x00' == 0 ? 1 : -1];
| 
| /* IBM C 6 for AIX is almost-ANSI by default, but it replaces macro parameters
|    inside strings and character constants.  */
| #define FOO(x) 'x'
| int xlc6_cc_array[FOO(a) == 'x' ? 1 : -1];
| 
| int test (int i, double x);
| struct s1 {int (*f) (int a);};
| struct s2 {int (*f) (double a);};
| int pairnames (int, char **, int *(*)(struct buf *, struct stat *, int),
|                int, int);
| 
| // Does the compiler advertise C99 conformance?
| #if !defined __STDC_VERSION__ || __STDC_VERSION__ < 199901L
| # error "Compiler does not advertise C99 conformance"
| #endif
| 
| #include <stdbool.h>
| extern int puts (const char *);
| extern int printf (const char *, ...);
| extern int dprintf (int, const char *, ...);
| extern void *malloc (size_t);
| 
| // Check varargs macros.  These examples are taken from C99 6.10.3.5.
| // dprintf is used instead of fprintf to avoid needing to declare
| // FILE and stderr.
| #define debug(...) dprintf (2, __VA_ARGS__)
| #define showlist(...) puts (#__VA_ARGS__)
| #define report(test,...) ((test) ? puts (#test) : printf (__VA_ARGS__))
| static void
| test_varargs_macros (void)
| {
|   int x = 1234;
|   int y = 5678;
|   debug ("Flag");
|   debug ("X = %d\n", x);
|   showlist (The first, second, and third items.);
|   report (x>y, "x is %d but y is %d", x, y);
| }
| 
| // Check long long types.
| #define BIG64 18446744073709551615ull
| #define BIG32 4294967295ul
| #define BIG_OK (BIG64 / BIG32 == 4294967297ull && BIG64 % BIG32 == 0)
| #if !BIG_OK
|   #error "your preprocessor is broken"
| #endif
| #if BIG_OK
| #else
|   #error "your preprocessor is broken"
| #endif
| static long long int bignum = -9223372036854775807LL;
| static unsigned long long int ubignum = BIG64;
| 
| struct incomplete_array
| {
|   int datasize;
|   double data[];
| };
| 
| struct named_init {
|   int number;
|   const wchar_t *name;
|   double average;
| };
| 
| typedef const char *ccp;
| 
| static inline int
| test_restrict (ccp restrict text)
| {
|   // See if C++-style comments work.
|   // Iterate through items via the restricted pointer.
|   // Also check for declarations in for loops.
|   for (unsigned int i = 0; *(text+i) != '\0'; ++i)
|     continue;
|   return 0;
| }
| 
| // Check varargs and va_copy.
| static bool
| test_varargs (const char *format, ...)
| {
|   va_list args;
|   va_start (args, format);
|   va_list args_copy;
|   va_copy (args_copy, args);
| 
|   const char *str = "";
|   int number = 0;
|   float fnumber = 0;
| 
|   while (*format)
|     {
|       switch (*format++)
| 	{
| 	case 's': // string
| 	  str = va_arg (args_copy, const char *);
| 	  break;
| 	case 'd': // int
| 	  number = va_arg (args_copy, int);
| 	  break;
| 	case 'f': // float
| 	  fnumber = va_arg (args_copy, double);
| 	  break;
| 	default:
| 	  break;
| 	}
|     }
|   va_end (args_copy);
|   va_end (args);
| 
|   return *str && number && fnumber;
| }
| 
| 
| // Does the compiler advertise C11 conformance?
| #if !defined __STDC_VERSION__ || __STDC_VERSION__ < 201112L
| # error "Compiler does not advertise C11 conformance"
| #endif
| 
| // Check _Alignas.
| char _Alignas (double) aligned_as_double;
| char _Alignas (0) no_special_alignment;
| extern char aligned_as_int;
| char _Alignas (0) _Alignas (int) aligned_as_int;
| 
| // Check _Alignof.
| enum
| {
|   int_alignment = _Alignof (int),
|   int_array_alignment = _Alignof (int[100]),
|   char_alignment = _Alignof (char)
| };
| _Static_assert (0 < -_Alignof (int), "_Alignof is signed");
| 
| // Check _Noreturn.
| int _Noreturn does_not_return (void) { for (;;) continue; }
| 
| // Check _Static_assert.
| struct test_static_assert
| {
|   int x;
|   _Static_assert (sizeof (int) <= sizeof (long int),
|                   "_Static_assert does not work in struct");
|   long int y;
| };
| 
| // Check UTF-8 literals.
| #define u8 syntax error!
| char const utf8_literal[] = u8"happens to be ASCII" "another string";
| 
| // Check duplicate typedefs.
| typedef long *long_ptr;
| typedef long int *long_ptr;
| typedef long_ptr long_ptr;
| 
| // Anonymous structures and unions -- taken from C11 6.7.2.1 Example 1.
| struct anonymous
| {
|   union {
|     struct { int i; int j; };
|     struct { int k; long int l; } w;
|   };
|   int m;
| } v1;
| 
| 
| int
| main (int argc, char **argv)
| {
|   int ok = 0;
|   
| ok |= (argc == 0 || f (e, argv, 0) != argv[0] || f (e, argv, 1) != argv[1]);
| 
|   
|   // Check bool.
|   _Bool success = false;
|   success |= (argc != 0);
| 
|   // Check restrict.
|   if (test_restrict ("String literal") == 0)
|     success = true;
|   char *restrict newvar = "Another string";
| 
|   // Check varargs.
|   success &= test_varargs ("s, d' f .", "string", 65, 34.234);
|   test_varargs_macros ();
| 
|   // Check flexible array members.
|   struct incomplete_array *ia =
|     malloc (sizeof (struct incomplete_array) + (sizeof (double) * 10));
|   ia->datasize = 10;
|   for (int i = 0; i < ia->datasize; ++i)
|     ia->data[i] = i * 1.234;
| 
|   // Check named initializers.
|   struct named_init ni = {
|     .number = 34,
|     .name = L"Test wide string",
|     .average = 543.34343,
|   };
| 
|   ni.number = 58;
| 
|   int dynamic_array[ni.number];
|   dynamic_array[0] = argv[0][0];
|   dynamic_array[ni.number - 1] = 543;
| 
|   // work around unused variable warnings
|   ok |= (!success || bignum == 0LL || ubignum == 0uLL || newvar[0] == 'x'
| 	 || dynamic_array[ni.number - 1] != 543);
| 
|   
|   _Static_assert ((offsetof (struct anonymous, i)
| 		   == offsetof (struct anonymous, w.k)),
| 		  "Anonymous union alignment botch");
|   v1.i = 2;
|   v1.w.k = 5;
|   ok |= v1.i != 5;
| 
|   return ok;
| }
| 
configure:4157: gcc -std=gnu11 -c -Os -Wall -Wextra -Werror  -I/media/anotherwork/bliss14/external/hidrd -I/media/anotherwork/bliss14/external/hidrd/include -D_GNU_SOURCE -DNDEBUG  conftest.c >&5
conftest.c:186:1: error: '_Noreturn' is not at beginning of declaration [-Werror=old-style-declaration]
  186 | int _Noreturn does_not_return (void) { for (;;) continue; }
      | ^~~
cc1: all warnings being treated as errors
configure:4157: $? = 1
configure: failed program was:
| /* confdefs.h */
| #define PACKAGE_NAME "hidrd"
| #define PACKAGE_TARNAME "hidrd"
| #define PACKAGE_VERSION "0.2"
| #define PACKAGE_STRING "hidrd 0.2"
| #define PACKAGE_BUGREPORT ""
| #define PACKAGE_URL ""
| #define PACKAGE "hidrd"
| #define VERSION "0.2"
| /* end confdefs.h.  */
| 
| /* Does the compiler advertise C89 conformance?
|    Do not test the value of __STDC__, because some compilers set it to 0
|    while being otherwise adequately conformant. */
| #if !defined __STDC__
| # error "Compiler does not advertise C89 conformance"
| #endif
| 
| #include <stddef.h>
| #include <stdarg.h>
| struct stat;
| /* Most of the following tests are stolen from RCS 5.7 src/conf.sh.  */
| struct buf { int x; };
| struct buf * (*rcsopen) (struct buf *, struct stat *, int);
| static char *e (p, i)
|      char **p;
|      int i;
| {
|   return p[i];
| }
| static char *f (char * (*g) (char **, int), char **p, ...)
| {
|   char *s;
|   va_list v;
|   va_start (v,p);
|   s = g (p, va_arg (v,int));
|   va_end (v);
|   return s;
| }
| 
| /* OSF 4.0 Compaq cc is some sort of almost-ANSI by default.  It has
|    function prototypes and stuff, but not \xHH hex character constants.
|    These do not provoke an error unfortunately, instead are silently treated
|    as an "x".  The following induces an error, until -std is added to get
|    proper ANSI mode.  Curiously \x00 != x always comes out true, for an
|    array size at least.  It is necessary to write \x00 == 0 to get something
|    that is true only with -std.  */
| int osf4_cc_array ['\x00' == 0 ? 1 : -1];
| 
| /* IBM C 6 for AIX is almost-ANSI by default, but it replaces macro parameters
|    inside strings and character constants.  */
| #define FOO(x) 'x'
| int xlc6_cc_array[FOO(a) == 'x' ? 1 : -1];
| 
| int test (int i, double x);
| struct s1 {int (*f) (int a);};
| struct s2 {int (*f) (double a);};
| int pairnames (int, char **, int *(*)(struct buf *, struct stat *, int),
|                int, int);
| 
| // Does the compiler advertise C99 conformance?
| #if !defined __STDC_VERSION__ || __STDC_VERSION__ < 199901L
| # error "Compiler does not advertise C99 conformance"
| #endif
| 
| #include <stdbool.h>
| extern int puts (const char *);
| extern int printf (const char *, ...);
| extern int dprintf (int, const char *, ...);
| extern void *malloc (size_t);
| 
| // Check varargs macros.  These examples are taken from C99 6.10.3.5.
| // dprintf is used instead of fprintf to avoid needing to declare
| // FILE and stderr.
| #define debug(...) dprintf (2, __VA_ARGS__)
| #define showlist(...) puts (#__VA_ARGS__)
| #define report(test,...) ((test) ? puts (#test) : printf (__VA_ARGS__))
| static void
| test_varargs_macros (void)
| {
|   int x = 1234;
|   int y = 5678;
|   debug ("Flag");
|   debug ("X = %d\n", x);
|   showlist (The first, second, and third items.);
|   report (x>y, "x is %d but y is %d", x, y);
| }
| 
| // Check long long types.
| #define BIG64 18446744073709551615ull
| #define BIG32 4294967295ul
| #define BIG_OK (BIG64 / BIG32 == 4294967297ull && BIG64 % BIG32 == 0)
| #if !BIG_OK
|   #error "your preprocessor is broken"
| #endif
| #if BIG_OK
| #else
|   #error "your preprocessor is broken"
| #endif
| static long long int bignum = -9223372036854775807LL;
| static unsigned long long int ubignum = BIG64;
| 
| struct incomplete_array
| {
|   int datasize;
|   double data[];
| };
| 
| struct named_init {
|   int number;
|   const wchar_t *name;
|   double average;
| };
| 
| typedef const char *ccp;
| 
| static inline int
| test_restrict (ccp restrict text)
| {
|   // See if C++-style comments work.
|   // Iterate through items via the restricted pointer.
|   // Also check for declarations in for loops.
|   for (unsigned int i = 0; *(text+i) != '\0'; ++i)
|     continue;
|   return 0;
| }
| 
| // Check varargs and va_copy.
| static bool
| test_varargs (const char *format, ...)
| {
|   va_list args;
|   va_start (args, format);
|   va_list args_copy;
|   va_copy (args_copy, args);
| 
|   const char *str = "";
|   int number = 0;
|   float fnumber = 0;
| 
|   while (*format)
|     {
|       switch (*format++)
| 	{
| 	case 's': // string
| 	  str = va_arg (args_copy, const char *);
| 	  break;
| 	case 'd': // int
| 	  number = va_arg (args_copy, int);
| 	  break;
| 	case 'f': // float
| 	  fnumber = va_arg (args_copy, double);
| 	  break;
| 	default:
| 	  break;
| 	}
|     }
|   va_end (args_copy);
|   va_end (args);
| 
|   return *str && number && fnumber;
| }
| 
| 
| // Does the compiler advertise C11 conformance?
| #if !defined __STDC_VERSION__ || __STDC_VERSION__ < 201112L
| # error "Compiler does not advertise C11 conformance"
| #endif
| 
| // Check _Alignas.
| char _Alignas (double) aligned_as_double;
| char _Alignas (0) no_special_alignment;
| extern char aligned_as_int;
| char _Alignas (0) _Alignas (int) aligned_as_int;
| 
| // Check _Alignof.
| enum
| {
|   int_alignment = _Alignof (int),
|   int_array_alignment = _Alignof (int[100]),
|   char_alignment = _Alignof (char)
| };
| _Static_assert (0 < -_Alignof (int), "_Alignof is signed");
| 
| // Check _Noreturn.
| int _Noreturn does_not_return (void) { for (;;) continue; }
| 
| // Check _Static_assert.
| struct test_static_assert
| {
|   int x;
|   _Static_assert (sizeof (int) <= sizeof (long int),
|                   "_Static_assert does not work in struct");
|   long int y;
| };
| 
| // Check UTF-8 literals.
| #define u8 syntax error!
| char const utf8_literal[] = u8"happens to be ASCII" "another string";
| 
| // Check duplicate typedefs.
| typedef long *long_ptr;
| typedef long int *long_ptr;
| typedef long_ptr long_ptr;
| 
| // Anonymous structures and unions -- taken from C11 6.7.2.1 Example 1.
| struct anonymous
| {
|   union {
|     struct { int i; int j; };
|     struct { int k; long int l; } w;
|   };
|   int m;
| } v1;
| 
| 
| int
| main (int argc, char **argv)
| {
|   int ok = 0;
|   
| ok |= (argc == 0 || f (e, argv, 0) != argv[0] || f (e, argv, 1) != argv[1]);
| 
|   
|   // Check bool.
|   _Bool success = false;
|   success |= (argc != 0);
| 
|   // Check restrict.
|   if (test_restrict ("String literal") == 0)
|     success = true;
|   char *restrict newvar = "Another string";
| 
|   // Check varargs.
|   success &= test_varargs ("s, d' f .", "string", 65, 34.234);
|   test_varargs_macros ();
| 
|   // Check flexible array members.
|   struct incomplete_array *ia =
|     malloc (sizeof (struct incomplete_array) + (sizeof (double) * 10));
|   ia->datasize = 10;
|   for (int i = 0; i < ia->datasize; ++i)
|     ia->data[i] = i * 1.234;
| 
|   // Check named initializers.
|   struct named_init ni = {
|     .number = 34,
|     .name = L"Test wide string",
|     .average = 543.34343,
|   };
| 
|   ni.number = 58;
| 
|   int dynamic_array[ni.number];
|   dynamic_array[0] = argv[0][0];
|   dynamic_array[ni.number - 1] = 543;
| 
|   // work around unused variable warnings
|   ok |= (!success || bignum == 0LL || ubignum == 0uLL || newvar[0] == 'x'
| 	 || dynamic_array[ni.number - 1] != 543);
| 
|   
|   _Static_assert ((offsetof (struct anonymous, i)
| 		   == offsetof (struct anonymous, w.k)),
| 		  "Anonymous union alignment botch");
|   v1.i = 2;
|   v1.w.k = 5;
|   ok |= v1.i != 5;
| 
|   return ok;
| }
| 
configure:4170: result: unsupported
configure:4188: checking for gcc option to enable C99 features
configure:4203: gcc  -c -Os -Wall -Wextra -Werror  -I/media/anotherwork/bliss14/external/hidrd -I/media/anotherwork/bliss14/external/hidrd/include -D_GNU_SOURCE -DNDEBUG  conftest.c >&5
configure:4203: $? = 0
configure:4221: result: none needed
configure:4291: checking whether gcc understands -c and -o together
configure:4314: gcc -c conftest.c -o conftest2.o
configure:4317: $? = 0
configure:4314: gcc -c conftest.c -o conftest2.o
configure:4317: $? = 0
configure:4329: result: yes
configure:4349: checking whether make supports the include directive
configure:4364: make -f confmf.GNU && cat confinc.out
this is the am__doit target
configure:4367: $? = 0
configure:4386: result: yes (GNU style)
configure:4412: checking dependency style of gcc
configure:4524: result: gcc3
configure:4596: checking for ar
configure:4617: found /usr/bin/ar
configure:4628: result: ar
configure:4654: checking the archiver (ar) interface
configure:4671: gcc -c -Os -Wall -Wextra -Werror  -I/media/anotherwork/bliss14/external/hidrd -I/media/anotherwork/bliss14/external/hidrd/include -D_GNU_SOURCE -DNDEBUG  conftest.c >&5
configure:4671: $? = 0
configure:4674: ar cru libconftest.a conftest.o >&5
ar: `u' modifier ignored since `D' is the default (see `U')
configure:4677: $? = 0
configure:4705: result: ar
configure:4757: checking build system type
configure:4772: result: x86_64-pc-linux-gnu
configure:4792: checking host system type
configure:4806: result: x86_64-pc-linux-gnu
configure:4847: checking how to print strings
configure:4874: result: printf
configure:4895: checking for a sed that does not truncate output
configure:4965: result: /usr/bin/sed
configure:4983: checking for grep that handles long lines and -e
configure:5047: result: /usr/bin/grep
configure:5052: checking for egrep
configure:5120: result: /usr/bin/grep -E
configure:5125: checking for fgrep
configure:5193: result: /usr/bin/grep -F
configure:5229: checking for ld used by gcc
configure:5297: result: /usr/bin/ld
configure:5304: checking if the linker (/usr/bin/ld) is GNU ld
configure:5320: result: yes
configure:5332: checking for BSD- or MS-compatible name lister (nm)
configure:5387: result: /usr/bin/nm -B
configure:5527: checking the name lister (/usr/bin/nm -B) interface
configure:5535: gcc -c -Os -Wall -Wextra -Werror  -I/media/anotherwork/bliss14/external/hidrd -I/media/anotherwork/bliss14/external/hidrd/include -D_GNU_SOURCE -DNDEBUG  conftest.c >&5
configure:5538: /usr/bin/nm -B "conftest.o"
configure:5541: output
0000000000000000 B some_variable
configure:5548: result: BSD nm
configure:5551: checking whether ln -s works
configure:5555: result: yes
configure:5563: checking the maximum length of command line arguments
configure:5695: result: 1572864
configure:5743: checking how to convert x86_64-pc-linux-gnu file names to x86_64-pc-linux-gnu format
configure:5784: result: func_convert_file_noop
configure:5791: checking how to convert x86_64-pc-linux-gnu file names to toolchain format
configure:5812: result: func_convert_file_noop
configure:5819: checking for /usr/bin/ld option to reload object files
configure:5827: result: -r
configure:5906: checking for file
configure:5927: found /usr/bin/file
configure:5938: result: file
configure:6014: checking for objdump
configure:6035: found /usr/bin/objdump
configure:6046: result: objdump
configure:6078: checking how to recognize dependent libraries
configure:6279: result: pass_all
configure:6369: checking for dlltool
configure:6404: result: no
configure:6434: checking how to associate runtime and link libraries
configure:6462: result: printf %s\n
configure:6612: checking for archiver @FILE support
configure:6630: gcc -c -Os -Wall -Wextra -Werror  -I/media/anotherwork/bliss14/external/hidrd -I/media/anotherwork/bliss14/external/hidrd/include -D_GNU_SOURCE -DNDEBUG  conftest.c >&5
configure:6630: $? = 0
configure:6634: ar cr libconftest.a @conftest.lst >&5
configure:6637: $? = 0
configure:6642: ar cr libconftest.a @conftest.lst >&5
ar: conftest.o: No such file or directory
configure:6645: $? = 1
configure:6657: result: @
configure:6720: checking for strip
configure:6741: found /usr/bin/strip
configure:6752: result: strip
configure:6829: checking for ranlib
configure:6850: found /usr/bin/ranlib
configure:6861: result: ranlib
configure:6963: checking command to parse /usr/bin/nm -B output from gcc object
configure:7117: gcc -c -Os -Wall -Wextra -Werror  -I/media/anotherwork/bliss14/external/hidrd -I/media/anotherwork/bliss14/external/hidrd/include -D_GNU_SOURCE -DNDEBUG  conftest.c >&5
configure:7120: $? = 0
configure:7124: /usr/bin/nm -B conftest.o \| /usr/bin/sed -n -e 's/^.*[ ]\([ABCDGIRSTW][ABCDGIRSTW]*\)[ ][ ]*\([_A-Za-z][_A-Za-z0-9]*\)$/\1 \2 \2/p' | /usr/bin/sed '/ __gnu_lto/d' \> conftest.nm
configure:7127: $? = 0
configure:7193: gcc -o conftest -Os -Wall -Wextra -Werror  -I/media/anotherwork/bliss14/external/hidrd -I/media/anotherwork/bliss14/external/hidrd/include -D_GNU_SOURCE -DNDEBUG   conftest.c conftstm.o >&5
configure:7196: $? = 0
configure:7234: result: ok
configure:7281: checking for sysroot
configure:7312: result: no
configure:7319: checking for a working dd
configure:7363: result: /usr/bin/dd
configure:7367: checking how to truncate binary pipes
configure:7383: result: /usr/bin/dd bs=4096 count=1
configure:7520: gcc -c -Os -Wall -Wextra -Werror  -I/media/anotherwork/bliss14/external/hidrd -I/media/anotherwork/bliss14/external/hidrd/include -D_GNU_SOURCE -DNDEBUG  conftest.c >&5
configure:7523: $? = 0
configure:7720: checking for mt
configure:7755: result: no
configure:7775: checking if : is a manifest tool
configure:7782: : '-?'
configure:7790: result: no
configure:8515: checking for stdio.h
configure:8515: gcc -c -Os -Wall -Wextra -Werror  -I/media/anotherwork/bliss14/external/hidrd -I/media/anotherwork/bliss14/external/hidrd/include -D_GNU_SOURCE -DNDEBUG  conftest.c >&5
configure:8515: $? = 0
configure:8515: result: yes
configure:8515: checking for stdlib.h
configure:8515: gcc -c -Os -Wall -Wextra -Werror  -I/media/anotherwork/bliss14/external/hidrd -I/media/anotherwork/bliss14/external/hidrd/include -D_GNU_SOURCE -DNDEBUG  conftest.c >&5
configure:8515: $? = 0
configure:8515: result: yes
configure:8515: checking for string.h
configure:8515: gcc -c -Os -Wall -Wextra -Werror  -I/media/anotherwork/bliss14/external/hidrd -I/media/anotherwork/bliss14/external/hidrd/include -D_GNU_SOURCE -DNDEBUG  conftest.c >&5
configure:8515: $? = 0
configure:8515: result: yes
configure:8515: checking for inttypes.h
configure:8515: gcc -c -Os -Wall -Wextra -Werror  -I/media/anotherwork/bliss14/external/hidrd -I/media/anotherwork/bliss14/external/hidrd/include -D_GNU_SOURCE -DNDEBUG  conftest.c >&5
configure:8515: $? = 0
configure:8515: result: yes
configure:8515: checking for stdint.h
configure:8515: gcc -c -Os -Wall -Wextra -Werror  -I/media/anotherwork/bliss14/external/hidrd -I/media/anotherwork/bliss14/external/hidrd/include -D_GNU_SOURCE -DNDEBUG  conftest.c >&5
configure:8515: $? = 0
configure:8515: result: yes
configure:8515: checking for strings.h
configure:8515: gcc -c -Os -Wall -Wextra -Werror  -I/media/anotherwork/bliss14/external/hidrd -I/media/anotherwork/bliss14/external/hidrd/include -D_GNU_SOURCE -DNDEBUG  conftest.c >&5
configure:8515: $? = 0
configure:8515: result: yes
configure:8515: checking for sys/stat.h
configure:8515: gcc -c -Os -Wall -Wextra -Werror  -I/media/anotherwork/bliss14/external/hidrd -I/media/anotherwork/bliss14/external/hidrd/include -D_GNU_SOURCE -DNDEBUG  conftest.c >&5
configure:8515: $? = 0
configure:8515: result: yes
configure:8515: checking for sys/types.h
configure:8515: gcc -c -Os -Wall -Wextra -Werror  -I/media/anotherwork/bliss14/external/hidrd -I/media/anotherwork/bliss14/external/hidrd/include -D_GNU_SOURCE -DNDEBUG  conftest.c >&5
configure:8515: $? = 0
configure:8515: result: yes
configure:8515: checking for unistd.h
configure:8515: gcc -c -Os -Wall -Wextra -Werror  -I/media/anotherwork/bliss14/external/hidrd -I/media/anotherwork/bliss14/external/hidrd/include -D_GNU_SOURCE -DNDEBUG  conftest.c >&5
configure:8515: $? = 0
configure:8515: result: yes
configure:8540: checking for dlfcn.h
configure:8540: gcc -c -Os -Wall -Wextra -Werror  -I/media/anotherwork/bliss14/external/hidrd -I/media/anotherwork/bliss14/external/hidrd/include -D_GNU_SOURCE -DNDEBUG  conftest.c >&5
configure:8540: $? = 0
configure:8540: result: yes
configure:8799: checking for objdir
configure:8815: result: .libs
configure:9079: checking if gcc supports -fno-rtti -fno-exceptions
configure:9098: gcc -c -Os -Wall -Wextra -Werror  -I/media/anotherwork/bliss14/external/hidrd -I/media/anotherwork/bliss14/external/hidrd/include -D_GNU_SOURCE -DNDEBUG  -fno-rtti -fno-exceptions conftest.c >&5
cc1: error: command-line option '-fno-rtti' is valid for C++/D/ObjC++ but not for C [-Werror]
cc1: all warnings being treated as errors
configure:9102: $? = 1
configure:9115: result: no
configure:9473: checking for gcc option to produce PIC
configure:9481: result: -fPIC -DPIC
configure:9489: checking if gcc PIC flag -fPIC -DPIC works
configure:9508: gcc -c -Os -Wall -Wextra -Werror  -I/media/anotherwork/bliss14/external/hidrd -I/media/anotherwork/bliss14/external/hidrd/include -D_GNU_SOURCE -DNDEBUG  -fPIC -DPIC -DPIC conftest.c >&5
configure:9512: $? = 0
configure:9525: result: yes
configure:9554: checking if gcc static flag -static works
configure:9583: result: yes
configure:9598: checking if gcc supports -c -o file.o
configure:9620: gcc -c -Os -Wall -Wextra -Werror  -I/media/anotherwork/bliss14/external/hidrd -I/media/anotherwork/bliss14/external/hidrd/include -D_GNU_SOURCE -DNDEBUG  -o out/conftest2.o conftest.c >&5
configure:9624: $? = 0
configure:9646: result: yes
configure:9654: checking if gcc supports -c -o file.o
configure:9702: result: yes
configure:9735: checking whether the gcc linker (/usr/bin/ld -m elf_x86_64) supports shared libraries
configure:11003: result: yes
configure:11040: checking whether -lc should be explicitly linked in
configure:11049: gcc -c -Os -Wall -Wextra -Werror  -I/media/anotherwork/bliss14/external/hidrd -I/media/anotherwork/bliss14/external/hidrd/include -D_GNU_SOURCE -DNDEBUG  conftest.c >&5
configure:11052: $? = 0
configure:11067: gcc -shared  -fPIC -DPIC conftest.o  -v -Wl,-soname -Wl,conftest -o conftest 2\>\&1 \| /usr/bin/grep  -lc  \>/dev/null 2\>\&1
configure:11070: $? = 0
configure:11084: result: no
configure:11244: checking dynamic linker characteristics
configure:11826: gcc -o conftest -Os -Wall -Wextra -Werror  -I/media/anotherwork/bliss14/external/hidrd -I/media/anotherwork/bliss14/external/hidrd/include -D_GNU_SOURCE -DNDEBUG   -Wl,-rpath -Wl,/foo conftest.c  >&5
configure:11826: $? = 0
configure:12065: result: GNU/Linux ld.so
configure:12187: checking how to hardcode library paths into programs
configure:12212: result: immediate
configure:12764: checking whether stripping libraries is possible
configure:12773: result: yes
configure:12815: checking if libtool supports shared libraries
configure:12817: result: yes
configure:12820: checking whether to build shared libraries
configure:12845: result: yes
configure:12848: checking whether to build static libraries
configure:12852: result: yes
configure:12908: checking for xml2-config
configure:12931: found /usr/bin/xml2-config
configure:12943: result: /usr/bin/xml2-config
configure:13253: checking for gcc options needed to detect all undeclared functions
configure:13275: gcc -c -Os -Wall -Wextra -Werror  -I/usr/include/libxml2  -I/media/anotherwork/bliss14/external/hidrd -I/media/anotherwork/bliss14/external/hidrd/include -D_GNU_SOURCE -DNDEBUG  conftest.c >&5
conftest.c: In function 'main':
conftest.c:27:8: error: 'strchr' undeclared (first use in this function)
   27 | (void) strchr;
      |        ^~~~~~
conftest.c:1:1: note: 'strchr' is defined in header '<string.h>'; did you forget to '#include <string.h>'?
    1 | /* confdefs.h */
conftest.c:27:8: note: each undeclared identifier is reported only once for each function it appears in
   27 | (void) strchr;
      |        ^~~~~~
configure:13275: $? = 1
configure: failed program was:
| /* confdefs.h */
| #define PACKAGE_NAME "hidrd"
| #define PACKAGE_TARNAME "hidrd"
| #define PACKAGE_VERSION "0.2"
| #define PACKAGE_STRING "hidrd 0.2"
| #define PACKAGE_BUGREPORT ""
| #define PACKAGE_URL ""
| #define PACKAGE "hidrd"
| #define VERSION "0.2"
| #define HAVE_STDIO_H 1
| #define HAVE_STDLIB_H 1
| #define HAVE_STRING_H 1
| #define HAVE_INTTYPES_H 1
| #define HAVE_STDINT_H 1
| #define HAVE_STRINGS_H 1
| #define HAVE_SYS_STAT_H 1
| #define HAVE_SYS_TYPES_H 1
| #define HAVE_UNISTD_H 1
| #define STDC_HEADERS 1
| #define HAVE_DLFCN_H 1
| #define LT_OBJDIR ".libs/"
| /* end confdefs.h.  */
| 
| int
| main (void)
| {
| (void) strchr;
|   ;
|   return 0;
| }
configure:13302: gcc -c -Os -Wall -Wextra -Werror  -I/usr/include/libxml2  -I/media/anotherwork/bliss14/external/hidrd -I/media/anotherwork/bliss14/external/hidrd/include -D_GNU_SOURCE -DNDEBUG  conftest.c >&5
configure:13302: $? = 0
configure:13319: result: none needed
configure:13333: checking whether xmlStructuredErrorContext is declared
configure:13333: gcc -c -Os -Wall -Wextra -Werror  -I/usr/include/libxml2  -I/media/anotherwork/bliss14/external/hidrd -I/media/anotherwork/bliss14/external/hidrd/include -D_GNU_SOURCE -DNDEBUG  conftest.c >&5
configure:13333: $? = 0
configure:13333: result: yes
configure:13457: checking that generated files are newer than configure
configure:13463: result: done
configure:13530: creating ./config.status

## ---------------------- ##
## Running config.status. ##
## ---------------------- ##

This file was extended by hidrd config.status 0.2, which was
generated by GNU Autoconf 2.71.  Invocation command line was

  CONFIG_FILES    = 
  CONFIG_HEADERS  = 
  CONFIG_LINKS    = 
  CONFIG_COMMANDS = 
  $ ./config.status 

on HMArchLinux-PC

config.status:1149: creating Makefile
config.status:1149: creating m4/Makefile
config.status:1149: creating m4/hidrd/Makefile
config.status:1149: creating db/Makefile
config.status:1149: creating db/usage/Makefile
config.status:1149: creating include/Makefile
config.status:1149: creating include/hidrd/Makefile
config.status:1149: creating include/hidrd/util/Makefile
config.status:1149: creating include/hidrd/item/Makefile
config.status:1149: creating include/hidrd/item/pfx/Makefile
config.status:1149: creating include/hidrd/opt/Makefile
config.status:1149: creating include/hidrd/strm/Makefile
config.status:1149: creating include/hidrd/strm/src/Makefile
config.status:1149: creating include/hidrd/strm/snk/Makefile
config.status:1149: creating include/hidrd/fmt/Makefile
config.status:1149: creating include/hidrd/fmt/hex/Makefile
config.status:1149: creating include/hidrd/fmt/natv/Makefile
config.status:1149: creating include/hidrd/fmt/xml/Makefile
config.status:1149: creating include/hidrd/fmt/spec/Makefile
config.status:1149: creating include/hidrd/fmt/spec/snk/Makefile
config.status:1149: creating include/hidrd/fmt/code/Makefile
config.status:1149: creating include/hidrd/usage/Makefile
config.status:1149: creating lib/Makefile
config.status:1149: creating lib/util/Makefile
config.status:1149: creating lib/item/Makefile
config.status:1149: creating lib/opt/Makefile
config.status:1149: creating lib/strm/Makefile
config.status:1149: creating lib/strm/src/Makefile
config.status:1149: creating lib/strm/snk/Makefile
config.status:1149: creating lib/fmt/Makefile
config.status:1149: creating lib/fmt/hex/Makefile
config.status:1149: creating lib/fmt/natv/Makefile
config.status:1149: creating lib/fmt/xml/Makefile
config.status:1149: creating lib/fmt/xml/snk/Makefile
config.status:1149: creating lib/fmt/xml/src/Makefile
config.status:1149: creating lib/fmt/read_test_data/Makefile
config.status:1149: creating lib/fmt/write_test_data/Makefile
config.status:1149: creating lib/fmt/spec/Makefile
config.status:1149: creating lib/fmt/spec/snk/Makefile
config.status:1149: creating lib/fmt/code/Makefile
config.status:1149: creating lib/usage/Makefile
config.status:1149: creating src/Makefile
config.status:1149: creating config.h
config.status:1330: config.h is unchanged
config.status:1378: executing depfiles commands
config.status:1455: cd lib/util       && sed -e '/# am--include-marker/d' Makefile         | make -f - am--depfiles
make: Nothing to be done for 'am--depfiles'.
config.status:1460: $? = 0
config.status:1455: cd lib/item       && sed -e '/# am--include-marker/d' Makefile         | make -f - am--depfiles
make: Nothing to be done for 'am--depfiles'.
config.status:1460: $? = 0
config.status:1455: cd lib/opt       && sed -e '/# am--include-marker/d' Makefile         | make -f - am--depfiles
make: Nothing to be done for 'am--depfiles'.
config.status:1460: $? = 0
config.status:1455: cd lib/strm/src       && sed -e '/# am--include-marker/d' Makefile         | make -f - am--depfiles
make: Nothing to be done for 'am--depfiles'.
config.status:1460: $? = 0
config.status:1455: cd lib/strm/snk       && sed -e '/# am--include-marker/d' Makefile         | make -f - am--depfiles
make: Nothing to be done for 'am--depfiles'.
config.status:1460: $? = 0
config.status:1455: cd lib/fmt       && sed -e '/# am--include-marker/d' Makefile         | make -f - am--depfiles
make: Nothing to be done for 'am--depfiles'.
config.status:1460: $? = 0
config.status:1455: cd lib/fmt/hex       && sed -e '/# am--include-marker/d' Makefile         | make -f - am--depfiles
make: Nothing to be done for 'am--depfiles'.
config.status:1460: $? = 0
config.status:1455: cd lib/fmt/natv       && sed -e '/# am--include-marker/d' Makefile         | make -f - am--depfiles
make: Nothing to be done for 'am--depfiles'.
config.status:1460: $? = 0
config.status:1455: cd lib/fmt/xml       && sed -e '/# am--include-marker/d' Makefile         | make -f - am--depfiles
make: Nothing to be done for 'am--depfiles'.
config.status:1460: $? = 0
config.status:1455: cd lib/fmt/xml/snk       && sed -e '/# am--include-marker/d' Makefile         | make -f - am--depfiles
make: Nothing to be done for 'am--depfiles'.
config.status:1460: $? = 0
config.status:1455: cd lib/fmt/xml/src       && sed -e '/# am--include-marker/d' Makefile         | make -f - am--depfiles
make: Nothing to be done for 'am--depfiles'.
config.status:1460: $? = 0
config.status:1455: cd lib/fmt/spec       && sed -e '/# am--include-marker/d' Makefile         | make -f - am--depfiles
make: Nothing to be done for 'am--depfiles'.
config.status:1460: $? = 0
config.status:1455: cd lib/fmt/spec/snk       && sed -e '/# am--include-marker/d' Makefile         | make -f - am--depfiles
make: Nothing to be done for 'am--depfiles'.
config.status:1460: $? = 0
config.status:1455: cd lib/fmt/code       && sed -e '/# am--include-marker/d' Makefile         | make -f - am--depfiles
make: Nothing to be done for 'am--depfiles'.
config.status:1460: $? = 0
config.status:1455: cd lib/usage       && sed -e '/# am--include-marker/d' Makefile         | make -f - am--depfiles
make: Nothing to be done for 'am--depfiles'.
config.status:1460: $? = 0
config.status:1455: cd src       && sed -e '/# am--include-marker/d' Makefile         | make -f - am--depfiles
make: Nothing to be done for 'am--depfiles'.
config.status:1460: $? = 0
config.status:1378: executing libtool commands

## ---------------- ##
## Cache variables. ##
## ---------------- ##

ac_cv_build=x86_64-pc-linux-gnu
ac_cv_c_compiler_gnu=yes
ac_cv_c_undeclared_builtin_options='none needed'
ac_cv_env_CC_set=
ac_cv_env_CC_value=
ac_cv_env_CFLAGS_set=
ac_cv_env_CFLAGS_value=
ac_cv_env_CPPFLAGS_set=
ac_cv_env_CPPFLAGS_value=
ac_cv_env_LDFLAGS_set=
ac_cv_env_LDFLAGS_value=
ac_cv_env_LIBS_set=
ac_cv_env_LIBS_value=
ac_cv_env_LT_SYS_LIBRARY_PATH_set=
ac_cv_env_LT_SYS_LIBRARY_PATH_value=
ac_cv_env_build_alias_set=
ac_cv_env_build_alias_value=
ac_cv_env_host_alias_set=
ac_cv_env_host_alias_value=
ac_cv_env_target_alias_set=
ac_cv_env_target_alias_value=
ac_cv_have_decl_xmlStructuredErrorContext=yes
ac_cv_header_dlfcn_h=yes
ac_cv_header_inttypes_h=yes
ac_cv_header_stdint_h=yes
ac_cv_header_stdio_h=yes
ac_cv_header_stdlib_h=yes
ac_cv_header_string_h=yes
ac_cv_header_strings_h=yes
ac_cv_header_sys_stat_h=yes
ac_cv_header_sys_types_h=yes
ac_cv_header_unistd_h=yes
ac_cv_host=x86_64-pc-linux-gnu
ac_cv_objext=o
ac_cv_path_EGREP='/usr/bin/grep -E'
ac_cv_path_FGREP='/usr/bin/grep -F'
ac_cv_path_GREP=/usr/bin/grep
ac_cv_path_SED=/usr/bin/sed
ac_cv_path_XML2_CONFIG=/usr/bin/xml2-config
ac_cv_path_install='/usr/bin/install -c'
ac_cv_path_lt_DD=/usr/bin/dd
ac_cv_path_mkdir=/usr/bin/mkdir
ac_cv_prog_AWK=gawk
ac_cv_prog_ac_ct_AR=ar
ac_cv_prog_ac_ct_CC=gcc
ac_cv_prog_ac_ct_FILECMD=file
ac_cv_prog_ac_ct_OBJDUMP=objdump
ac_cv_prog_ac_ct_RANLIB=ranlib
ac_cv_prog_ac_ct_STRIP=strip
ac_cv_prog_cc_c11=no
ac_cv_prog_cc_c99=
ac_cv_prog_cc_g=yes
ac_cv_prog_cc_stdc=
ac_cv_prog_make_make_set=yes
am_cv_CC_dependencies_compiler_type=gcc3
am_cv_ar_interface=ar
am_cv_make_support_nested_variables=yes
am_cv_prog_cc_c_o=yes
lt_cv_ar_at_file=@
lt_cv_archive_cmds_need_lc=no
lt_cv_deplibs_check_method=pass_all
lt_cv_file_magic_cmd='$MAGIC_CMD'
lt_cv_file_magic_test_file=
lt_cv_ld_reload_flag=-r
lt_cv_nm_interface='BSD nm'
lt_cv_objdir=.libs
lt_cv_path_LD=/usr/bin/ld
lt_cv_path_NM='/usr/bin/nm -B'
lt_cv_path_mainfest_tool=no
lt_cv_prog_compiler_c_o=yes
lt_cv_prog_compiler_pic='-fPIC -DPIC'
lt_cv_prog_compiler_pic_works=yes
lt_cv_prog_compiler_rtti_exceptions=no
lt_cv_prog_compiler_static_works=yes
lt_cv_prog_gnu_ld=yes
lt_cv_sharedlib_from_linklib_cmd='printf %s\n'
lt_cv_shlibpath_overrides_runpath=no
lt_cv_sys_global_symbol_pipe='/usr/bin/sed -n -e '\''s/^.*[	 ]\([ABCDGIRSTW][ABCDGIRSTW]*\)[	 ][	 ]*\([_A-Za-z][_A-Za-z0-9]*\)$/\1 \2 \2/p'\'' | /usr/bin/sed '\''/ __gnu_lto/d'\'''
lt_cv_sys_global_symbol_to_c_name_address='/usr/bin/sed -n -e '\''s/^: \(.*\) .*$/  {"\1", (void *) 0},/p'\'' -e '\''s/^[ABCDGIRSTW][ABCDGIRSTW]* .* \(.*\)$/  {"\1", (void *) \&\1},/p'\'''
lt_cv_sys_global_symbol_to_c_name_address_lib_prefix='/usr/bin/sed -n -e '\''s/^: \(.*\) .*$/  {"\1", (void *) 0},/p'\'' -e '\''s/^[ABCDGIRSTW][ABCDGIRSTW]* .* \(lib.*\)$/  {"\1", (void *) \&\1},/p'\'' -e '\''s/^[ABCDGIRSTW][ABCDGIRSTW]* .* \(.*\)$/  {"lib\1", (void *) \&\1},/p'\'''
lt_cv_sys_global_symbol_to_cdecl='/usr/bin/sed -n -e '\''s/^T .* \(.*\)$/extern int \1();/p'\'' -e '\''s/^[ABCDGIRSTW][ABCDGIRSTW]* .* \(.*\)$/extern char \1;/p'\'''
lt_cv_sys_global_symbol_to_import=
lt_cv_sys_max_cmd_len=1572864
lt_cv_to_host_file_cmd=func_convert_file_noop
lt_cv_to_tool_file_cmd=func_convert_file_noop
lt_cv_truncate_bin='/usr/bin/dd bs=4096 count=1'

## ----------------- ##
## Output variables. ##
## ----------------- ##

ACLOCAL='${SHELL} '\''/media/anotherwork/bliss14/external/hidrd/auxdir/missing'\'' aclocal-1.16'
AMDEPBACKSLASH='\'
AMDEP_FALSE='#'
AMDEP_TRUE=''
AMTAR='$${TAR-tar}'
AM_BACKSLASH='\'
AM_DEFAULT_V='$(AM_DEFAULT_VERBOSITY)'
AM_DEFAULT_VERBOSITY='0'
AM_V='$(V)'
AR='ar'
AUTOCONF='${SHELL} '\''/media/anotherwork/bliss14/external/hidrd/auxdir/missing'\'' autoconf'
AUTOHEADER='${SHELL} '\''/media/anotherwork/bliss14/external/hidrd/auxdir/missing'\'' autoheader'
AUTOMAKE='${SHELL} '\''/media/anotherwork/bliss14/external/hidrd/auxdir/missing'\'' automake-1.16'
AWK='gawk'
CC='gcc'
CCDEPMODE='depmode=gcc3'
CFLAGS='-Os -Wall -Wextra -Werror '
CPPFLAGS='-I/media/anotherwork/bliss14/external/hidrd -I/media/anotherwork/bliss14/external/hidrd/include -D_GNU_SOURCE -DNDEBUG '
CSCOPE='cscope'
CTAGS='ctags'
CYGPATH_W='echo'
DEFS='-DHAVE_CONFIG_H'
DEPDIR='.deps'
DLLTOOL='false'
DSYMUTIL=''
DUMPBIN=''
ECHO_C=''
ECHO_N='-n'
ECHO_T=''
EGREP='/usr/bin/grep -E'
ENABLE_FMT_CODE_FALSE='#'
ENABLE_FMT_CODE_TRUE=''
ENABLE_FMT_FALSE='#'
ENABLE_FMT_SPEC_FALSE='#'
ENABLE_FMT_SPEC_TRUE=''
ENABLE_FMT_TRUE=''
ENABLE_FMT_XML_FALSE='#'
ENABLE_FMT_XML_TRUE=''
ENABLE_HIDRD_CONVERT_FALSE='#'
ENABLE_HIDRD_CONVERT_TRUE=''
ENABLE_NAMES_FALSE='#'
ENABLE_NAMES_TRUE=''
ENABLE_OPT_FALSE='#'
ENABLE_OPT_TRUE=''
ENABLE_STRM_FALSE='#'
ENABLE_STRM_TRUE=''
ENABLE_TESTS_INSTALL_FALSE=''
ENABLE_TESTS_INSTALL_TRUE='#'
ENABLE_TOKENS_FALSE='#'
ENABLE_TOKENS_TRUE=''
ETAGS='etags'
EXEEXT=''
FGREP='/usr/bin/grep -F'
FILECMD='file'
GREP='/usr/bin/grep'
INSTALL_DATA='${INSTALL} -m 644'
INSTALL_PROGRAM='${INSTALL}'
INSTALL_SCRIPT='${INSTALL}'
INSTALL_STRIP_PROGRAM='$(install_sh) -c -s'
LD='/usr/bin/ld -m elf_x86_64'
LDFLAGS=''
LIBOBJS=''
LIBS=''
LIBTOOL='$(SHELL) $(top_builddir)/libtool'
LIBXML2_CFLAGS='-I/usr/include/libxml2'
LIBXML2_LIBS='-lxml2 -lz -llzma -licui18n -licuuc -licudata -lm'
LIPO=''
LN_S='ln -s'
LTLIBOBJS=''
LT_SYS_LIBRARY_PATH=''
MAKEINFO='${SHELL} '\''/media/anotherwork/bliss14/external/hidrd/auxdir/missing'\'' makeinfo'
MANIFEST_TOOL=':'
MKDIR_P='/usr/bin/mkdir -p'
NM='/usr/bin/nm -B'
NMEDIT=''
OBJDUMP='objdump'
OBJEXT='o'
OTOOL64=''
OTOOL=''
PACKAGE='hidrd'
PACKAGE_BUGREPORT=''
PACKAGE_NAME='hidrd'
PACKAGE_STRING='hidrd 0.2'
PACKAGE_TARNAME='hidrd'
PACKAGE_URL=''
PACKAGE_VERSION='0.2'
PATH_SEPARATOR=':'
RANLIB='ranlib'
SED='/usr/bin/sed'
SET_MAKE=''
SHELL='/bin/sh'
STRIP='strip'
VERSION='0.2'
WITH_LIBXML2_FALSE='#'
WITH_LIBXML2_TRUE=''
XML2_CONFIG='/usr/bin/xml2-config'
ac_ct_AR='ar'
ac_ct_CC='gcc'
ac_ct_DUMPBIN=''
am__EXEEXT_FALSE=''
am__EXEEXT_TRUE='#'
am__fastdepCC_FALSE='#'
am__fastdepCC_TRUE=''
am__include='include'
am__isrc=''
am__leading_dot='.'
am__nodep='_no'
am__quote=''
am__tar='$${TAR-tar} chof - "$$tardir"'
am__untar='$${TAR-tar} xf -'
bindir='${exec_prefix}/bin'
build='x86_64-pc-linux-gnu'
build_alias=''
build_cpu='x86_64'
build_os='linux-gnu'
build_vendor='pc'
datadir='${datarootdir}'
datarootdir='${prefix}/share'
docdir='${datarootdir}/doc/${PACKAGE_TARNAME}'
dvidir='${docdir}'
exec_prefix='${prefix}'
host='x86_64-pc-linux-gnu'
host_alias=''
host_cpu='x86_64'
host_os='linux-gnu'
host_vendor='pc'
htmldir='${docdir}'
includedir='${prefix}/include'
infodir='${datarootdir}/info'
install_sh='${SHELL} /media/anotherwork/bliss14/external/hidrd/auxdir/install-sh'
libdir='${exec_prefix}/lib'
libexecdir='${exec_prefix}/libexec'
localedir='${datarootdir}/locale'
localstatedir='${prefix}/var'
mandir='${datarootdir}/man'
mkdir_p='$(MKDIR_P)'
oldincludedir='/usr/include'
pdfdir='${docdir}'
prefix='/usr/local'
program_transform_name='s,x,x,'
psdir='${docdir}'
runstatedir='${localstatedir}/run'
sbindir='${exec_prefix}/sbin'
sharedstatedir='${prefix}/com'
sysconfdir='${prefix}/etc'
target_alias=''

## ----------- ##
## confdefs.h. ##
## ----------- ##

/* confdefs.h */
#define PACKAGE_NAME "hidrd"
#define PACKAGE_TARNAME "hidrd"
#define PACKAGE_VERSION "0.2"
#define PACKAGE_STRING "hidrd 0.2"
#define PACKAGE_BUGREPORT ""
#define PACKAGE_URL ""
#define PACKAGE "hidrd"
#define VERSION "0.2"
#define HAVE_STDIO_H 1
#define HAVE_STDLIB_H 1
#define HAVE_STRING_H 1
#define HAVE_INTTYPES_H 1
#define HAVE_STDINT_H 1
#define HAVE_STRINGS_H 1
#define HAVE_SYS_STAT_H 1
#define HAVE_SYS_TYPES_H 1
#define HAVE_UNISTD_H 1
#define STDC_HEADERS 1
#define HAVE_DLFCN_H 1
#define LT_OBJDIR ".libs/"
#define HAVE_DECL_XMLSTRUCTUREDERRORCONTEXT 1

configure: exit 0
